
TEXT: array (
        'order_id' => '32323',
        'order_code' => '2gU0iRZCAOET1wWXDye68pF4QttjUlry',
      )
FILE: /home/dkuzhwbn/domains/nieuw.goeieete.nl/public_html/idealcheckout/setup.php
LINE: 8


TEXT: array (
      )
FILE: /home/dkuzhwbn/domains/nieuw.goeieete.nl/public_html/idealcheckout/setup.php
LINE: 9


TEXT: Fetching peer certificate for: https://betalen.rabobank.nl:443
FILE: /home/dkuzhwbn/domains/nieuw.goeieete.nl/public_html/idealcheckout/includes/library.php
LINE: 826


TEXT: cURL Retrieved SSL Certificate:
      *   Trying 2a02:26f0:7b:485::11fc...
      * TCP_NODELAY set
      * Connected to betalen.rabobank.nl (2a02:26f0:7b:485::11fc) port 443 (#0)
      * Cipher selection: ALL:!EXPORT:!EXPORT40:!EXPORT56:!aNULL:!LOW:!RC4:@STRENGTH
      * successfully set certificate verify locations:
      *   CAfile: /etc/pki/tls/certs/ca-bundle.crt
        CApath: none
      * NPN, negotiated HTTP1.1
      * SSL connection using TLSv1.2 / ECDHE-RSA-AES256-GCM-SHA384
      * Server certificate:
      *  subject: businessCategory=Private Organization; 1.3.6.1.4.1.311.60.2.1.3=NL; serialNumber=30046259; C=NL; L=Utrecht; O=Cooperatieve Rabobank U.A.; OU=IT Nederland; CN=betalen.rabobank.nl
      *  start date: Jun 11 00:00:00 2018 GMT
      *  expire date: Jun 19 12:00:00 2019 GMT
      *  subjectAltName: host "betalen.rabobank.nl" matched cert's "betalen.rabobank.nl"
      *  issuer: C=US; O=DigiCert Inc; OU=www.digicert.com; CN=DigiCert SHA2 Extended Validation Server CA
      *  SSL certificate verify ok.
      > GET /omnikassa-api/gatekeeper/refresh HTTP/1.1
      Host: betalen.rabobank.nl
      Accept: */*
      Authorization: Bearer eyJraWQiOiI0cnd5d2k4RWh5TDc5bVc0eUpsUXhsUUNtQzVqSmZFam00VnZQQ2NDVzBzPSIsImFsZyI6IlJTMjU2In0.eyJta2lkIjoyMDcxMiwiZW52IjoiUCIsImV4cCI6MTYwNTA0OTIwMH0.J-cVrtZ2dok4clUJJkHasZc2ZdlxKL2hu0u9aa5qWfnfQT-KwKGHy-cPd7KbGVC1krrh11iF4XkE7thCI3c7jMYr2fkWodo3VyeiXJ6iEyqo4va0WwPvKMG4LacCR17qy4v6gD8OmD3WwODHtfL0_PFDKji86h-g__G9kRslhW3n4QaX8Vc6Ole2Nt8--vydn9JzeJxKvO5ukogIdQ4LHS5uYvFfDBMYOhDG1mOqzrI-yUhzIshkdLBS--RqkC74QzfX0kUIOt8iANQfRus_F1QiCuXDV4eqEExKbU7Zgmur
      
      < HTTP/1.1 401 Unauthorized
      < Referrer-Policy: no-referrer
      < X-Content-Type-Options: nosniff
      < X-XSS-Protection: 1; mode=block
      < Cache-Control: no-cache, no-store, max-age=0, must-revalidate
      < Pragma: no-cache
      < Expires: 0
      < X-Frame-Options: DENY
      < Vary: Accept-Encoding,User-Agent
      < X-Cnection: close
      < Content-Type: application/json;charset=UTF-8
      < Content-Language: en-US
      < P3P: policyref="/rabo/w3c/p3p.xml", CP="OTI CURa ADMa OUR NOR BUS UNI COM NAV"
      < Strict-Transport-Security: max-age=31622400
      < Content-Length: 97
      < Date: Sun, 16 Dec 2018 19:45:44 GMT
      < Connection: keep-alive
      < Set-Cookie: JSESSIONID=0000KZeRHiei4xC0AHxzXsF7GRo:-1; Path=/; HttpOnly
      < Set-Cookie: TS01fd03d7=0188e14ba82b86289940ff6db5506a3646c94f23a1d710d9e660422910a13357750e7d03ae9718d72db5cec5973f2903473b8b1fa2dc48d2b468dc628f7e085ca9afcdd298; Path=/
      < Set-Cookie: BIGipServerpl_betalen-int.rabobank.nl-80=!44FqVmdm8/ggBTMSGsunPHNuWU8wOiJBPm2/Hz1S7v8f3eo6Ykcs4ShuBMC4sTBCV6o4+9hLkujL6qc=; path=/; Httponly
      < 
      * Connection #0 to host betalen.rabobank.nl left intact
FILE: /home/dkuzhwbn/domains/nieuw.goeieete.nl/public_html/idealcheckout/includes/library.php
LINE: 690


TEXT: No Access token could be generated.
FILE: /home/dkuzhwbn/domains/nieuw.goeieete.nl/public_html/idealcheckout/gateways/ideal-omnikassa-v2/omnikassa.cls.php
LINE: 249

