
TEXT: array (
        'order_id' => '32317',
        'order_code' => 'uaUwmdxqg5SzoXE55CvNxEtXK1zASjj1',
      )
FILE: /home/dkuzhwbn/domains/nieuw.goeieete.nl/public_html/idealcheckout/setup.php
LINE: 8


TEXT: array (
      )
FILE: /home/dkuzhwbn/domains/nieuw.goeieete.nl/public_html/idealcheckout/setup.php
LINE: 9


TEXT: Fetching peer certificate for: https://betalen.rabobank.nl:443
FILE: /home/dkuzhwbn/domains/nieuw.goeieete.nl/public_html/idealcheckout/includes/library.php
LINE: 826


TEXT: cURL Retrieved SSL Certificate:
      *   Trying 2a02:26f0:7b:489::11fc...
      * TCP_NODELAY set
      * Connected to betalen.rabobank.nl (2a02:26f0:7b:489::11fc) port 443 (#0)
      * Cipher selection: ALL:!EXPORT:!EXPORT40:!EXPORT56:!aNULL:!LOW:!RC4:@STRENGTH
      * successfully set certificate verify locations:
      *   CAfile: /etc/pki/tls/certs/ca-bundle.crt
        CApath: none
      * NPN, negotiated HTTP1.1
      * SSL connection using TLSv1.2 / ECDHE-RSA-AES256-GCM-SHA384
      * Server certificate:
      *  subject: businessCategory=Private Organization; 1.3.6.1.4.1.311.60.2.1.3=NL; serialNumber=30046259; C=NL; L=Utrecht; O=Cooperatieve Rabobank U.A.; OU=IT Nederland; CN=betalen.rabobank.nl
      *  start date: Jun 11 00:00:00 2018 GMT
      *  expire date: Jun 19 12:00:00 2019 GMT
      *  subjectAltName: host "betalen.rabobank.nl" matched cert's "betalen.rabobank.nl"
      *  issuer: C=US; O=DigiCert Inc; OU=www.digicert.com; CN=DigiCert SHA2 Extended Validation Server CA
      *  SSL certificate verify ok.
      > GET /omnikassa-api-sandbox/gatekeeper/refresh HTTP/1.1
      Host: betalen.rabobank.nl
      Accept: */*
      Authorization: Bearer 
      
      < HTTP/1.1 401 Unauthorized
      < Referrer-Policy: no-referrer
      < X-Content-Type-Options: nosniff
      < X-XSS-Protection: 1; mode=block
      < Cache-Control: no-cache, no-store, max-age=0, must-revalidate
      < Pragma: no-cache
      < Expires: 0
      < X-Frame-Options: DENY
      < Vary: Accept-Encoding,User-Agent
      < X-Cnection: close
      < Content-Type: application/json;charset=UTF-8
      < Content-Language: en-US
      < P3P: policyref="/rabo/w3c/p3p.xml", CP="OTI CURa ADMa OUR NOR BUS UNI COM NAV"
      < Strict-Transport-Security: max-age=31622400
      < Content-Length: 122
      < Date: Thu, 13 Dec 2018 23:38:14 GMT
      < Connection: keep-alive
      < Set-Cookie: JSESSIONID=0000BYv71OpFs5kQpYW3mevfs_J:-1; Path=/; HttpOnly
      < Set-Cookie: TS01fd03d7=01129cd2d3f39f609e3ffc176ea61ded087140dfb372a22ea22c868221d525f7b5cf88b9a8df5ed66fcef7fdd6d0a0090d84c38f2554c2426d74baca2f44a9777d5ccac3d5; Path=/
      < Set-Cookie: BIGipServerpl_betalen-int.rabobank.nl-80=!cckqxjNdsVDLTg0SGsunPHNuWU8wOjuU8h+09KibNSZOqJe7TzK+S750vzZ33J4MJ5zsLVG/jbnHIMg=; path=/; Httponly
      < 
      * Connection #0 to host betalen.rabobank.nl left intact
FILE: /home/dkuzhwbn/domains/nieuw.goeieete.nl/public_html/idealcheckout/includes/library.php
LINE: 690


TEXT: No Signing Key found.
FILE: /home/dkuzhwbn/domains/nieuw.goeieete.nl/public_html/idealcheckout/gateways/ideal-omnikassa-v2/omnikassa.cls.php
LINE: 242

